Performing C SOURCE FILE Test CMAKE_HAVE_LIBC_PTHREAD failed with the following output:
Change Dir: /home/jiao/catkin_arm/gpd-2.0.0/build/CMakeFiles/CMakeTmp

Run Build Command(s):/usr/bin/make cmTC_91224/fast && /usr/bin/make -f CMakeFiles/cmTC_91224.dir/build.make CMakeFiles/cmTC_91224.dir/build
make[1]: 进入目录“/home/jiao/catkin_arm/gpd-2.0.0/build/CMakeFiles/CMakeTmp”
Building C object CMakeFiles/cmTC_91224.dir/src.c.o
/usr/bin/cc   -fPIC -DCMAKE_HAVE_LIBC_PTHREAD   -o CMakeFiles/cmTC_91224.dir/src.c.o   -c /home/jiao/catkin_arm/gpd-2.0.0/build/CMakeFiles/CMakeTmp/src.c
Linking C executable cmTC_91224
/usr/bin/cmake -E cmake_link_script CMakeFiles/cmTC_91224.dir/link.txt --verbose=1
/usr/bin/cc -fPIC -DCMAKE_HAVE_LIBC_PTHREAD     CMakeFiles/cmTC_91224.dir/src.c.o  -o cmTC_91224 
/usr/bin/ld: CMakeFiles/cmTC_91224.dir/src.c.o: in function `main':
src.c:(.text+0x48): undefined reference to `pthread_create'
/usr/bin/ld: src.c:(.text+0x50): undefined reference to `pthread_detach'
/usr/bin/ld: src.c:(.text+0x5c): undefined reference to `pthread_join'
collect2: error: ld returned 1 exit status
make[1]: *** [CMakeFiles/cmTC_91224.dir/build.make:87：cmTC_91224] 错误 1
make[1]: 离开目录“/home/jiao/catkin_arm/gpd-2.0.0/build/CMakeFiles/CMakeTmp”
make: *** [Makefile:121：cmTC_91224/fast] 错误 2


Source file was:
#include <pthread.h>

void* test_func(void* data)
{
  return data;
}

int main(void)
{
  pthread_t thread;
  pthread_create(&thread, NULL, test_func, NULL);
  pthread_detach(thread);
  pthread_join(thread, NULL);
  pthread_atfork(NULL, NULL, NULL);
  pthread_exit(NULL);

  return 0;
}

Determining if the function pthread_create exists in the pthreads failed with the following output:
Change Dir: /home/jiao/catkin_arm/gpd-2.0.0/build/CMakeFiles/CMakeTmp

Run Build Command(s):/usr/bin/make cmTC_e5c0c/fast && /usr/bin/make -f CMakeFiles/cmTC_e5c0c.dir/build.make CMakeFiles/cmTC_e5c0c.dir/build
make[1]: 进入目录“/home/jiao/catkin_arm/gpd-2.0.0/build/CMakeFiles/CMakeTmp”
Building C object CMakeFiles/cmTC_e5c0c.dir/CheckFunctionExists.c.o
/usr/bin/cc   -fPIC -DCHECK_FUNCTION_EXISTS=pthread_create   -o CMakeFiles/cmTC_e5c0c.dir/CheckFunctionExists.c.o   -c /usr/share/cmake-3.16/Modules/CheckFunctionExists.c
Linking C executable cmTC_e5c0c
/usr/bin/cmake -E cmake_link_script CMakeFiles/cmTC_e5c0c.dir/link.txt --verbose=1
/usr/bin/cc -fPIC -DCHECK_FUNCTION_EXISTS=pthread_create     CMakeFiles/cmTC_e5c0c.dir/CheckFunctionExists.c.o  -o cmTC_e5c0c  -lpthreads 
/usr/bin/ld: 找不到 -lpthreads
collect2: error: ld returned 1 exit status
make[1]: *** [CMakeFiles/cmTC_e5c0c.dir/build.make:87：cmTC_e5c0c] 错误 1
make[1]: 离开目录“/home/jiao/catkin_arm/gpd-2.0.0/build/CMakeFiles/CMakeTmp”
make: *** [Makefile:121：cmTC_e5c0c/fast] 错误 2



